<?xml version="1.0" encoding="UTF-8"?>
<testsuite xmlns:xsi="http://www.w3.org/2001/XMLSchema-instance" xsi:noNamespaceSchemaLocation="https://maven.apache.org/surefire/maven-surefire-plugin/xsd/surefire-test-report.xsd" name="sk.stuba.fei.uim.vsa.pr1c.groupc.HolidayTest" time="6.065" tests="2" errors="2" skipped="0" failures="0">
  <properties>
[...]
</properties>
  <testcase name="HOL_02_getAllHolidaysTest" classname="sk.stuba.fei.uim.vsa.pr1c.groupc.HolidayTest" time="0.422">
    <error message="Field not found!" type="java.lang.RuntimeException">java.lang.RuntimeException: Field not found!
	at sk.stuba.fei.uim.vsa.pr1c.groupc.HolidayTest.HOL_02_getAllHolidaysTest(HolidayTest.java:114)
</error>
    <system-out><![CDATA[[EL Info]: 2022-05-21 01:55:00.721--ServerSession(443942537)--EclipseLink, version: Eclipse Persistence Services - 2.7.10.v20211216-fe64cd39c3
[EL Fine]: sql: 2022-05-21 01:55:01.234--ServerSession(443942537)--Connection(632475595)--ALTER TABLE CAR DROP FOREIGN KEY FK_CAR_user
[EL Fine]: sql: 2022-05-21 01:55:01.264--ServerSession(443942537)--SELECT 1
[EL Fine]: sql: 2022-05-21 01:55:01.266--ServerSession(443942537)--Connection(632475595)--ALTER TABLE CAR DROP FOREIGN KEY FK_CAR_RESERVATION_ID
[EL Fine]: sql: 2022-05-21 01:55:01.268--ServerSession(443942537)--SELECT 1
[EL Fine]: sql: 2022-05-21 01:55:01.269--ServerSession(443942537)--Connection(632475595)--ALTER TABLE CAR_PARK_FLOOR DROP FOREIGN KEY FK_CAR_PARK_FLOOR_car_park_id
[EL Fine]: sql: 2022-05-21 01:55:01.27--ServerSession(443942537)--SELECT 1
[EL Fine]: sql: 2022-05-21 01:55:01.271--ServerSession(443942537)--Connection(632475595)--ALTER TABLE PARKING_SPOT DROP FOREIGN KEY FK_PARKING_SPOT_floor_id
[EL Fine]: sql: 2022-05-21 01:55:01.273--ServerSession(443942537)--SELECT 1
[EL Fine]: sql: 2022-05-21 01:55:01.274--ServerSession(443942537)--Connection(632475595)--ALTER TABLE PARKING_SPOT DROP FOREIGN KEY FK_PARKING_SPOT_CAR_ID
[EL Fine]: sql: 2022-05-21 01:55:01.276--ServerSession(443942537)--SELECT 1
[EL Fine]: sql: 2022-05-21 01:55:01.277--ServerSession(443942537)--Connection(632475595)--DROP TABLE CAR
[EL Fine]: sql: 2022-05-21 01:55:01.281--ServerSession(443942537)--SELECT 1
[EL Fine]: sql: 2022-05-21 01:55:01.282--ServerSession(443942537)--Connection(632475595)--DROP TABLE CAR_PARK
[EL Fine]: sql: 2022-05-21 01:55:01.283--ServerSession(443942537)--SELECT 1
[EL Fine]: sql: 2022-05-21 01:55:01.285--ServerSession(443942537)--Connection(632475595)--DROP TABLE CAR_PARK_FLOOR
[EL Fine]: sql: 2022-05-21 01:55:01.286--ServerSession(443942537)--SELECT 1
[EL Fine]: sql: 2022-05-21 01:55:01.288--ServerSession(443942537)--Connection(632475595)--DROP TABLE USER
[EL Fine]: sql: 2022-05-21 01:55:01.29--ServerSession(443942537)--SELECT 1
[EL Fine]: sql: 2022-05-21 01:55:01.291--ServerSession(443942537)--Connection(632475595)--DROP TABLE PARKING_SPOT
[EL Fine]: sql: 2022-05-21 01:55:01.294--ServerSession(443942537)--SELECT 1
[EL Fine]: sql: 2022-05-21 01:55:01.297--ServerSession(443942537)--Connection(632475595)--DROP TABLE RESERVATION
[EL Fine]: sql: 2022-05-21 01:55:01.298--ServerSession(443942537)--SELECT 1
[EL Fine]: sql: 2022-05-21 01:55:01.299--ServerSession(443942537)--Connection(632475595)--DROP TABLE HOLIDAYS
[EL Fine]: sql: 2022-05-21 01:55:01.301--ServerSession(443942537)--SELECT 1
[EL Fine]: sql: 2022-05-21 01:55:01.302--ServerSession(443942537)--Connection(632475595)--DROP TABLE CAR
[EL Fine]: sql: 2022-05-21 01:55:01.303--ServerSession(443942537)--SELECT 1
[EL Fine]: sql: 2022-05-21 01:55:01.304--ServerSession(443942537)--Connection(632475595)--DROP TABLE CAR_PARK
[EL Fine]: sql: 2022-05-21 01:55:01.306--ServerSession(443942537)--SELECT 1
[EL Fine]: sql: 2022-05-21 01:55:01.307--ServerSession(443942537)--Connection(632475595)--DROP TABLE CAR_PARK_FLOOR
[EL Fine]: sql: 2022-05-21 01:55:01.308--ServerSession(443942537)--SELECT 1
[EL Fine]: sql: 2022-05-21 01:55:01.31--ServerSession(443942537)--Connection(632475595)--DROP TABLE USER
[EL Fine]: sql: 2022-05-21 01:55:01.311--ServerSession(443942537)--SELECT 1
[EL Fine]: sql: 2022-05-21 01:55:01.312--ServerSession(443942537)--Connection(632475595)--DROP TABLE PARKING_SPOT
[EL Fine]: sql: 2022-05-21 01:55:01.313--ServerSession(443942537)--SELECT 1
[EL Fine]: sql: 2022-05-21 01:55:01.314--ServerSession(443942537)--Connection(632475595)--DROP TABLE RESERVATION
[EL Fine]: sql: 2022-05-21 01:55:01.315--ServerSession(443942537)--SELECT 1
[EL Fine]: sql: 2022-05-21 01:55:01.316--ServerSession(443942537)--Connection(632475595)--DROP TABLE HOLIDAYS
[EL Fine]: sql: 2022-05-21 01:55:01.318--ServerSession(443942537)--SELECT 1
[EL Fine]: sql: 2022-05-21 01:55:01.319--ServerSession(443942537)--Connection(632475595)--DROP TABLE CAR
[EL Fine]: sql: 2022-05-21 01:55:01.32--ServerSession(443942537)--SELECT 1
[EL Fine]: sql: 2022-05-21 01:55:01.321--ServerSession(443942537)--Connection(632475595)--DROP TABLE CAR_PARK
[EL Fine]: sql: 2022-05-21 01:55:01.323--ServerSession(443942537)--SELECT 1
[EL Fine]: sql: 2022-05-21 01:55:01.325--ServerSession(443942537)--Connection(632475595)--DROP TABLE CAR_PARK_FLOOR
[EL Fine]: sql: 2022-05-21 01:55:01.328--ServerSession(443942537)--SELECT 1
[EL Fine]: sql: 2022-05-21 01:55:01.329--ServerSession(443942537)--Connection(632475595)--DROP TABLE USER
[EL Fine]: sql: 2022-05-21 01:55:01.331--ServerSession(443942537)--SELECT 1
[EL Fine]: sql: 2022-05-21 01:55:01.332--ServerSession(443942537)--Connection(632475595)--DROP TABLE PARKING_SPOT
[EL Fine]: sql: 2022-05-21 01:55:01.333--ServerSession(443942537)--SELECT 1
[EL Fine]: sql: 2022-05-21 01:55:01.334--ServerSession(443942537)--Connection(632475595)--DROP TABLE RESERVATION
[EL Fine]: sql: 2022-05-21 01:55:01.335--ServerSession(443942537)--SELECT 1
[EL Fine]: sql: 2022-05-21 01:55:01.336--ServerSession(443942537)--Connection(632475595)--DROP TABLE HOLIDAYS
[EL Fine]: sql: 2022-05-21 01:55:01.338--ServerSession(443942537)--SELECT 1
[EL Fine]: sql: 2022-05-21 01:55:01.339--ServerSession(443942537)--Connection(632475595)--DROP TABLE CAR
[EL Fine]: sql: 2022-05-21 01:55:01.34--ServerSession(443942537)--SELECT 1
[EL Fine]: sql: 2022-05-21 01:55:01.341--ServerSession(443942537)--Connection(632475595)--DROP TABLE CAR_PARK
[EL Fine]: sql: 2022-05-21 01:55:01.342--ServerSession(443942537)--SELECT 1
[EL Fine]: sql: 2022-05-21 01:55:01.343--ServerSession(443942537)--Connection(632475595)--DROP TABLE CAR_PARK_FLOOR
[EL Fine]: sql: 2022-05-21 01:55:01.344--ServerSession(443942537)--SELECT 1
[EL Fine]: sql: 2022-05-21 01:55:01.345--ServerSession(443942537)--Connection(632475595)--DROP TABLE USER
[EL Fine]: sql: 2022-05-21 01:55:01.346--ServerSession(443942537)--SELECT 1
[EL Fine]: sql: 2022-05-21 01:55:01.347--ServerSession(443942537)--Connection(632475595)--DROP TABLE PARKING_SPOT
[EL Fine]: sql: 2022-05-21 01:55:01.349--ServerSession(443942537)--SELECT 1
[EL Fine]: sql: 2022-05-21 01:55:01.35--ServerSession(443942537)--Connection(632475595)--DROP TABLE RESERVATION
[EL Fine]: sql: 2022-05-21 01:55:01.352--ServerSession(443942537)--SELECT 1
[EL Fine]: sql: 2022-05-21 01:55:01.353--ServerSession(443942537)--Connection(632475595)--DROP TABLE HOLIDAYS
[EL Fine]: sql: 2022-05-21 01:55:01.356--ServerSession(443942537)--SELECT 1
[EL Fine]: sql: 2022-05-21 01:55:01.359--ServerSession(443942537)--Connection(632475595)--DROP TABLE CAR
[EL Fine]: sql: 2022-05-21 01:55:01.362--ServerSession(443942537)--SELECT 1
[EL Fine]: sql: 2022-05-21 01:55:01.364--ServerSession(443942537)--Connection(632475595)--DROP TABLE CAR_PARK
[EL Fine]: sql: 2022-05-21 01:55:01.366--ServerSession(443942537)--SELECT 1
[EL Fine]: sql: 2022-05-21 01:55:01.367--ServerSession(443942537)--Connection(632475595)--DROP TABLE CAR_PARK_FLOOR
[EL Fine]: sql: 2022-05-21 01:55:01.368--ServerSession(443942537)--SELECT 1
[EL Fine]: sql: 2022-05-21 01:55:01.369--ServerSession(443942537)--Connection(632475595)--DROP TABLE USER
[EL Fine]: sql: 2022-05-21 01:55:01.371--ServerSession(443942537)--SELECT 1
[EL Fine]: sql: 2022-05-21 01:55:01.372--ServerSession(443942537)--Connection(632475595)--DROP TABLE PARKING_SPOT
[EL Fine]: sql: 2022-05-21 01:55:01.373--ServerSession(443942537)--SELECT 1
[EL Fine]: sql: 2022-05-21 01:55:01.374--ServerSession(443942537)--Connection(632475595)--DROP TABLE RESERVATION
[EL Fine]: sql: 2022-05-21 01:55:01.376--ServerSession(443942537)--SELECT 1
[EL Fine]: sql: 2022-05-21 01:55:01.377--ServerSession(443942537)--Connection(632475595)--DROP TABLE HOLIDAYS
[EL Fine]: sql: 2022-05-21 01:55:01.378--ServerSession(443942537)--SELECT 1
[EL Fine]: sql: 2022-05-21 01:55:01.382--ServerSession(443942537)--Connection(632475595)--DELETE FROM SEQUENCE WHERE SEQ_NAME = 'SEQ_GEN'
[EL Fine]: sql: 2022-05-21 01:55:01.385--ServerSession(443942537)--SELECT 1
[EL Warning]: 2022-05-21 01:55:01.387--ServerSession(443942537)--Exception [EclipseLink-4002] (Eclipse Persistence Services - 2.7.10.v20211216-fe64cd39c3): org.eclipse.persistence.exceptions.DatabaseException
Internal Exception: com.mysql.jdbc.exceptions.jdbc4.MySQLSyntaxErrorException: Table 'VSA_PR1.SEQUENCE' doesn't exist
Error Code: 1146
Call: DELETE FROM SEQUENCE WHERE SEQ_NAME = 'SEQ_GEN'
Query: DataModifyQuery(sql="DELETE FROM SEQUENCE WHERE SEQ_NAME = 'SEQ_GEN'")
[EL Fine]: sql: 2022-05-21 01:55:01.394--ServerSession(443942537)--Connection(632475595)--CREATE TABLE CAR (ID BIGINT NOT NULL, BRAND VARCHAR(255), COLOR VARCHAR(255), LICENSEPLATE VARCHAR(255) UNIQUE, MODEL VARCHAR(255), RESERVATION_ID BIGINT, user BIGINT, PRIMARY KEY (ID))
[EL Fine]: sql: 2022-05-21 01:55:01.43--ServerSession(443942537)--Connection(632475595)--CREATE TABLE CAR_PARK (ID BIGINT NOT NULL, ADDRESS VARCHAR(255), NAME VARCHAR(255) UNIQUE, PRICEPERHOUR INTEGER, PRIMARY KEY (ID))
[EL Fine]: sql: 2022-05-21 01:55:01.46--ServerSession(443942537)--Connection(632475595)--CREATE TABLE CAR_PARK_FLOOR (ID BIGINT NOT NULL, FLOORIDENTIFIER VARCHAR(255), car_park_id BIGINT, PRIMARY KEY (ID))
[EL Fine]: sql: 2022-05-21 01:55:01.487--ServerSession(443942537)--Connection(632475595)--CREATE TABLE USER (ID BIGINT NOT NULL, EMAIL VARCHAR(255) UNIQUE, FIRSTNAME VARCHAR(255), LASTNAME VARCHAR(255), PRIMARY KEY (ID))
[EL Fine]: sql: 2022-05-21 01:55:01.52--ServerSession(443942537)--Connection(632475595)--CREATE TABLE PARKING_SPOT (ID BIGINT NOT NULL, PARKINGSPOTIDENTIFIER VARCHAR(255) NOT NULL, CAR_ID BIGINT, floor_id BIGINT, PRIMARY KEY (ID))
[EL Fine]: sql: 2022-05-21 01:55:01.547--ServerSession(443942537)--Connection(632475595)--CREATE TABLE RESERVATION (ID BIGINT NOT NULL, BEGINTIME DATETIME(3), ENDTIME DATETIME(3), PRICE INTEGER, PRIMARY KEY (ID))
[EL Fine]: sql: 2022-05-21 01:55:01.579--ServerSession(443942537)--Connection(632475595)--CREATE TABLE HOLIDAYS (ID BIGINT NOT NULL, DATE VARCHAR(255) UNIQUE, NAME VARCHAR(255), PRIMARY KEY (ID))
[EL Fine]: sql: 2022-05-21 01:55:01.608--ServerSession(443942537)--Connection(632475595)--ALTER TABLE CAR ADD CONSTRAINT FK_CAR_user FOREIGN KEY (user) REFERENCES USER (ID)
[EL Fine]: sql: 2022-05-21 01:55:01.68--ServerSession(443942537)--Connection(632475595)--ALTER TABLE CAR ADD CONSTRAINT FK_CAR_RESERVATION_ID FOREIGN KEY (RESERVATION_ID) REFERENCES RESERVATION (ID)
[EL Fine]: sql: 2022-05-21 01:55:01.763--ServerSession(443942537)--Connection(632475595)--ALTER TABLE CAR_PARK_FLOOR ADD CONSTRAINT FK_CAR_PARK_FLOOR_car_park_id FOREIGN KEY (car_park_id) REFERENCES CAR_PARK (ID)
[EL Fine]: sql: 2022-05-21 01:55:01.824--ServerSession(443942537)--Connection(632475595)--ALTER TABLE PARKING_SPOT ADD CONSTRAINT FK_PARKING_SPOT_floor_id FOREIGN KEY (floor_id) REFERENCES CAR_PARK_FLOOR (ID)
[EL Fine]: sql: 2022-05-21 01:55:01.886--ServerSession(443942537)--Connection(632475595)--ALTER TABLE PARKING_SPOT ADD CONSTRAINT FK_PARKING_SPOT_CAR_ID FOREIGN KEY (CAR_ID) REFERENCES CAR (ID)
[EL Fine]: sql: 2022-05-21 01:55:01.956--ServerSession(443942537)--Connection(632475595)--CREATE TABLE SEQUENCE (SEQ_NAME VARCHAR(50) NOT NULL, SEQ_COUNT DECIMAL(38), PRIMARY KEY (SEQ_NAME))
[EL Fine]: sql: 2022-05-21 01:55:01.983--ServerSession(443942537)--Connection(632475595)--SELECT * FROM SEQUENCE WHERE SEQ_NAME = 'SEQ_GEN'
[EL Fine]: sql: 2022-05-21 01:55:01.986--ServerSession(443942537)--Connection(632475595)--INSERT INTO SEQUENCE(SEQ_NAME, SEQ_COUNT) values ('SEQ_GEN', 0)
car park class: sk.stuba.fei.uim.vsa.pr1c.CarParkService
[EL Fine]: sql: 2022-05-21 01:55:04.006--ClientSession(2109219177)--Connection(632475595)--UPDATE SEQUENCE SET SEQ_COUNT = SEQ_COUNT + ? WHERE SEQ_NAME = ?
	bind => [50, SEQ_GEN]
[EL Fine]: sql: 2022-05-21 01:55:04.008--ClientSession(2109219177)--Connection(632475595)--SELECT SEQ_COUNT FROM SEQUENCE WHERE SEQ_NAME = ?
	bind => [SEQ_GEN]
[EL Fine]: sql: 2022-05-21 01:55:04.035--ClientSession(2109219177)--Connection(632475595)--INSERT INTO HOLIDAYS (ID, DATE, NAME) VALUES (?, ?, ?)
	bind => [1, 01-01, Novy rok]
[EL Fine]: sql: 2022-05-21 01:55:04.062--ClientSession(321772459)--Connection(632475595)--INSERT INTO HOLIDAYS (ID, DATE, NAME) VALUES (?, ?, ?)
	bind => [2, 08-05, Den matiek]
[EL Fine]: sql: 2022-05-21 01:55:04.076--ServerSession(443942537)--Connection(632475595)--select * from HOLIDAYS
]]></system-out>
    <system-err><![CDATA[SLF4J: Failed to load class "org.slf4j.impl.StaticLoggerBinder".
SLF4J: Defaulting to no-operation (NOP) logger implementation
SLF4J: See http://www.slf4j.org/codes.html#StaticLoggerBinder for further details.
Sat May 21 01:55:02 CEST 2022 WARN: Establishing SSL connection without server's identity verification is not recommended. According to MySQL 5.5.45+, 5.6.26+ and 5.7.6+ requirements SSL connection must be established by default if explicit option isn't set. For compliance with existing applications not using SSL the verifyServerCertificate property is set to 'false'. You need either to explicitly disable SSL by setting useSSL=false, or set useSSL=true and provide truststore for server certificate verification.
]]></system-err>
  </testcase>
  <testcase name="HOL_01_createAndGetHoliday" classname="sk.stuba.fei.uim.vsa.pr1c.groupc.HolidayTest" time="0.215">
    <error message="Field not found!" type="java.lang.RuntimeException">java.lang.RuntimeException: Field not found!
	at sk.stuba.fei.uim.vsa.pr1c.groupc.HolidayTest.HOL_01_createAndGetHoliday(HolidayTest.java:75)
</error>
    <system-out><![CDATA[[EL Fine]: sql: 2022-05-21 01:55:04.31--ClientSession(2064883371)--Connection(632475595)--INSERT INTO HOLIDAYS (ID, DATE, NAME) VALUES (?, ?, ?)
	bind => [3, 01-01, Novy rok]
[EL Fine]: sql: 2022-05-21 01:55:04.332--ServerSession(443942537)--Connection(632475595)--SELECT ID, DATE, NAME FROM HOLIDAYS WHERE (DATE = ?)
	bind => [01-01]
]]></system-out>
  </testcase>
</testsuite>
<testsuite xmlns:xsi="http://www.w3.org/2001/XMLSchema-instance" xsi:noNamespaceSchemaLocation="https://maven.apache.org/surefire/maven-surefire-plugin/xsd/surefire-test-report.xsd" name="sk.stuba.fei.uim.vsa.pr1c.tests.CarParkFloorTest" time="0.708" tests="3" errors="0" skipped="0" failures="0">
  <properties>
[...]
</properties>
  <testcase name="FLOOR01_createAndGetCarParkFloor" classname="sk.stuba.fei.uim.vsa.pr1c.tests.CarParkFloorTest" time="0.217"/>
  <testcase name="FLOOR03_createAndDeleteCarParkFloor" classname="sk.stuba.fei.uim.vsa.pr1c.tests.CarParkFloorTest" time="0.205"/>
  <testcase name="FLOOR02_createAndGetAllCarParks" classname="sk.stuba.fei.uim.vsa.pr1c.tests.CarParkFloorTest" time="0.215"/>
</testsuite>
<testsuite xmlns:xsi="http://www.w3.org/2001/XMLSchema-instance" xsi:noNamespaceSchemaLocation="https://maven.apache.org/surefire/maven-surefire-plugin/xsd/surefire-test-report.xsd" name="sk.stuba.fei.uim.vsa.pr1c.tests.CarParkTest" time="0.925" tests="5" errors="0" skipped="0" failures="0">
  <properties>
[...]
</properties>
  <testcase name="PARK06_deleteCarParkTest" classname="sk.stuba.fei.uim.vsa.pr1c.tests.CarParkTest" time="0.182"/>
  <testcase name="PARK03_uniqueCarParkNameTest" classname="sk.stuba.fei.uim.vsa.pr1c.tests.CarParkTest" time="0.165"/>
  <testcase name="PARK04_getCarParksTest" classname="sk.stuba.fei.uim.vsa.pr1c.tests.CarParkTest" time="0.174"/>
  <testcase name="PARK02_createAndGetCarParkByName" classname="sk.stuba.fei.uim.vsa.pr1c.tests.CarParkTest" time="0.172"/>
  <testcase name="PARK01_createAndGetCarParkTest" classname="sk.stuba.fei.uim.vsa.pr1c.tests.CarParkTest" time="0.167"/>
</testsuite>
<testsuite xmlns:xsi="http://www.w3.org/2001/XMLSchema-instance" xsi:noNamespaceSchemaLocation="https://maven.apache.org/surefire/maven-surefire-plugin/xsd/surefire-test-report.xsd" name="sk.stuba.fei.uim.vsa.pr1c.tests.CarTest" time="0.96" tests="5" errors="1" skipped="0" failures="0">
  <properties>
[...]
</properties>
  <testcase name="CAR02_shouldGetCarById" classname="sk.stuba.fei.uim.vsa.pr1c.tests.CarTest" time="0.189"/>
  <testcase name="CAR02_shouldGetCarByECV" classname="sk.stuba.fei.uim.vsa.pr1c.tests.CarTest" time="0.176"/>
  <testcase name="CAR04_shouldGetCarsByUser" classname="sk.stuba.fei.uim.vsa.pr1c.tests.CarTest" time="0.183"/>
  <testcase name="CAR01_shouldCreateCar" classname="sk.stuba.fei.uim.vsa.pr1c.tests.CarTest" time="0.167"/>
  <testcase name="CAR06_shouldDeleteCar" classname="sk.stuba.fei.uim.vsa.pr1c.tests.CarTest" time="0.191">
    <error type="java.lang.NullPointerException">java.lang.NullPointerException
	at sk.stuba.fei.uim.vsa.pr1c.tests.CarTest.CAR06_shouldDeleteCar(CarTest.java:89)
</error>
    <system-out><![CDATA[[EL Fine]: sql: 2022-05-21 01:55:07.009--ServerSession(443942537)--Connection(632475595)--SELECT EMAIL FROM USER WHERE EMAIL = 'jozko.mrkvicka@example.com'
[EL Fine]: sql: 2022-05-21 01:55:07.012--ClientSession(1454870101)--Connection(632475595)--INSERT INTO USER (ID, EMAIL, FIRSTNAME, LASTNAME) VALUES (?, ?, ?, ?)
	bind => [25, jozko.mrkvicka@example.com, Jožko, Mrkvička]
[EL Fine]: sql: 2022-05-21 01:55:07.017--ServerSession(443942537)--Connection(632475595)--SELECT ID, BRAND, COLOR, LICENSEPLATE, MODEL, RESERVATION_ID FROM CAR WHERE (LICENSEPLATE = ?)
	bind => [BL798XX]
[EL Fine]: sql: 2022-05-21 01:55:07.02--ClientSession(1409342262)--Connection(632475595)--INSERT INTO CAR (ID, BRAND, COLOR, LICENSEPLATE, MODEL, RESERVATION_ID) VALUES (?, ?, ?, ?, ?, ?)
	bind => [26, Audi, black, BL798XX, A7, null]
[EL Fine]: sql: 2022-05-21 01:55:07.026--ClientSession(1409342262)--Connection(632475595)--UPDATE CAR SET user = ? WHERE (ID = ?)
	bind => [25, 26]
]]></system-out>
  </testcase>
</testsuite>
<testsuite xmlns:xsi="http://www.w3.org/2001/XMLSchema-instance" xsi:noNamespaceSchemaLocation="https://maven.apache.org/surefire/maven-surefire-plugin/xsd/surefire-test-report.xsd" name="sk.stuba.fei.uim.vsa.pr1c.tests.ParkingSpotAndReservationWithoutTypeTest" time="0.827" tests="2" errors="0" skipped="0" failures="0">
  <properties>
[...]
</properties>
  <testcase name="SPOT_RES_01_getAvailableSpotsTest" classname="sk.stuba.fei.uim.vsa.pr1c.tests.ParkingSpotAndReservationWithoutTypeTest" time="0.393"/>
  <testcase name="SPOT_RES_02_getOccupiedParkingSpotsWithoutTypeTest" classname="sk.stuba.fei.uim.vsa.pr1c.tests.ParkingSpotAndReservationWithoutTypeTest" time="0.359"/>
</testsuite>
<testsuite xmlns:xsi="http://www.w3.org/2001/XMLSchema-instance" xsi:noNamespaceSchemaLocation="https://maven.apache.org/surefire/maven-surefire-plugin/xsd/surefire-test-report.xsd" name="sk.stuba.fei.uim.vsa.pr1c.tests.ParkingSpotTest" time="1.37" tests="6" errors="2" skipped="0" failures="0">
  <properties>
[...]
</properties>
  <testcase name="SPOT06_uniqueNameForParkingSpotWithoutType" classname="sk.stuba.fei.uim.vsa.pr1c.tests.ParkingSpotTest" time="0.235"/>
  <testcase name="SPOT07_getAllParkingSpotForFloorWithoutType" classname="sk.stuba.fei.uim.vsa.pr1c.tests.ParkingSpotTest" time="0.205">
    <error message="[Ljava.lang.Object; cannot be cast to sk.stuba.fei.uim.vsa.pr1c.Entities.ParkingSpot" type="java.lang.ClassCastException">java.lang.ClassCastException: [Ljava.lang.Object; cannot be cast to sk.stuba.fei.uim.vsa.pr1c.Entities.ParkingSpot
	at sk.stuba.fei.uim.vsa.pr1c.tests.ParkingSpotTest.SPOT07_getAllParkingSpotForFloorWithoutType(ParkingSpotTest.java:386)
</error>
    <system-out><![CDATA[[EL Fine]: sql: 2022-05-21 01:55:08.319--ServerSession(443942537)--Connection(632475595)--SELECT ID, ADDRESS, NAME, PRICEPERHOUR FROM CAR_PARK WHERE (NAME = ?)
	bind => [test8]
[EL Fine]: sql: 2022-05-21 01:55:08.322--ClientSession(1061018585)--Connection(632475595)--INSERT INTO CAR_PARK (ID, ADDRESS, NAME, PRICEPERHOUR) VALUES (?, ?, ?, ?)
	bind => [65, testtest, test8, 12]
[EL Fine]: sql: 2022-05-21 01:55:08.327--ServerSession(443942537)--Connection(632475595)--SELECT FLOORIDENTIFIER FROM CAR_PARK_FLOOR WHERE car_park_id = 65 and FLOORIDENTIFIER = 'Floor3-1'
[EL Fine]: sql: 2022-05-21 01:55:08.329--ClientSession(2004655561)--Connection(632475595)--INSERT INTO CAR_PARK_FLOOR (ID, FLOORIDENTIFIER) VALUES (?, ?)
	bind => [66, Floor3-1]
[EL Fine]: sql: 2022-05-21 01:55:08.334--ClientSession(2004655561)--Connection(632475595)--UPDATE CAR_PARK_FLOOR SET car_park_id = ? WHERE (ID = ?)
	bind => [65, 66]
[EL Fine]: sql: 2022-05-21 01:55:08.339--ServerSession(443942537)--Connection(632475595)--SELECT PARKINGSPOTIDENTIFIER FROM PARKING_SPOT    JOIN CAR_PARK_FLOOR CPF on CPF.ID = PARKING_SPOT.floor_id WHERE car_park_id = 65 and FLOORIDENTIFIER = 'Floor3-1' and PARKINGSPOTIDENTIFIER = '1.01'
[EL Fine]: sql: 2022-05-21 01:55:08.341--ClientSession(594195094)--Connection(632475595)--INSERT INTO PARKING_SPOT (ID, PARKINGSPOTIDENTIFIER, CAR_ID) VALUES (?, ?, ?)
	bind => [67, 1.01, null]
[EL Fine]: sql: 2022-05-21 01:55:08.346--ServerSession(443942537)--Connection(632475595)--SELECT ID, FLOORIDENTIFIER FROM CAR_PARK_FLOOR WHERE (FLOORIDENTIFIER = ?)
	bind => [Floor3-1]
[EL Fine]: sql: 2022-05-21 01:55:08.346--ClientSession(594195094)--Connection(632475595)--UPDATE PARKING_SPOT SET floor_id = ? WHERE (ID = ?)
	bind => [66, 67]
[EL Fine]: sql: 2022-05-21 01:55:08.352--ServerSession(443942537)--Connection(632475595)--SELECT PARKINGSPOTIDENTIFIER FROM PARKING_SPOT    JOIN CAR_PARK_FLOOR CPF on CPF.ID = PARKING_SPOT.floor_id WHERE car_park_id = 65 and FLOORIDENTIFIER = 'Floor3-1' and PARKINGSPOTIDENTIFIER = '1.02'
[EL Fine]: sql: 2022-05-21 01:55:08.356--ClientSession(2115087165)--Connection(632475595)--INSERT INTO PARKING_SPOT (ID, PARKINGSPOTIDENTIFIER, CAR_ID) VALUES (?, ?, ?)
	bind => [68, 1.02, null]
[EL Fine]: sql: 2022-05-21 01:55:08.36--ServerSession(443942537)--Connection(632475595)--SELECT ID, FLOORIDENTIFIER FROM CAR_PARK_FLOOR WHERE (FLOORIDENTIFIER = ?)
	bind => [Floor3-1]
[EL Fine]: sql: 2022-05-21 01:55:08.362--ClientSession(2115087165)--Connection(632475595)--UPDATE PARKING_SPOT SET floor_id = ? WHERE (ID = ?)
	bind => [66, 68]
[EL Fine]: sql: 2022-05-21 01:55:08.367--ServerSession(443942537)--Connection(632475595)--SELECT * FROM PARKING_SPOT JOIN CAR_PARK_FLOOR CPF on PARKING_SPOT.floor_id = CPF.ID  WHERE CPF.FLOORIDENTIFIER = 'Floor3-1' and car_park_id = 65
]]></system-out>
  </testcase>
  <testcase name="SPOT03_getAllParkingSpotsForCarParkWithoutType" classname="sk.stuba.fei.uim.vsa.pr1c.tests.ParkingSpotTest" time="0.246"/>
  <testcase name="SPOT05_deleteParkingSpotWithoutType" classname="sk.stuba.fei.uim.vsa.pr1c.tests.ParkingSpotTest" time="0.195">
    <error type="java.lang.NullPointerException">java.lang.NullPointerException
	at sk.stuba.fei.uim.vsa.pr1c.tests.ParkingSpotTest.SPOT05_deleteParkingSpotWithoutType(ParkingSpotTest.java:307)
</error>
    <system-out><![CDATA[[EL Fine]: sql: 2022-05-21 01:55:08.772--ServerSession(443942537)--Connection(632475595)--SELECT ID, ADDRESS, NAME, PRICEPERHOUR FROM CAR_PARK WHERE (NAME = ?)
	bind => [test7]
[EL Fine]: sql: 2022-05-21 01:55:08.774--ClientSession(2107706203)--Connection(632475595)--INSERT INTO CAR_PARK (ID, ADDRESS, NAME, PRICEPERHOUR) VALUES (?, ?, ?, ?)
	bind => [76, testtest, test7, 12]
[EL Fine]: sql: 2022-05-21 01:55:08.779--ServerSession(443942537)--Connection(632475595)--SELECT FLOORIDENTIFIER FROM CAR_PARK_FLOOR WHERE car_park_id = 76 and FLOORIDENTIFIER = 'Floor1'
[EL Fine]: sql: 2022-05-21 01:55:08.781--ClientSession(7395550)--Connection(632475595)--INSERT INTO CAR_PARK_FLOOR (ID, FLOORIDENTIFIER) VALUES (?, ?)
	bind => [77, Floor1]
[EL Fine]: sql: 2022-05-21 01:55:08.788--ClientSession(7395550)--Connection(632475595)--UPDATE CAR_PARK_FLOOR SET car_park_id = ? WHERE (ID = ?)
	bind => [76, 77]
[EL Fine]: sql: 2022-05-21 01:55:08.795--ServerSession(443942537)--Connection(632475595)--SELECT PARKINGSPOTIDENTIFIER FROM PARKING_SPOT    JOIN CAR_PARK_FLOOR CPF on CPF.ID = PARKING_SPOT.floor_id WHERE car_park_id = 76 and FLOORIDENTIFIER = 'Floor1' and PARKINGSPOTIDENTIFIER = '1.1'
[EL Fine]: sql: 2022-05-21 01:55:08.797--ClientSession(989440614)--Connection(632475595)--INSERT INTO PARKING_SPOT (ID, PARKINGSPOTIDENTIFIER, CAR_ID) VALUES (?, ?, ?)
	bind => [78, 1.1, null]
[EL Fine]: sql: 2022-05-21 01:55:08.802--ServerSession(443942537)--Connection(632475595)--SELECT ID, FLOORIDENTIFIER FROM CAR_PARK_FLOOR WHERE (FLOORIDENTIFIER = ?)
	bind => [Floor1]
[EL Fine]: sql: 2022-05-21 01:55:08.803--ClientSession(989440614)--Connection(632475595)--UPDATE PARKING_SPOT SET floor_id = ? WHERE (ID = ?)
	bind => [77, 78]
]]></system-out>
  </testcase>
  <testcase name="SPOT02_createAndGetParkingSpotWithoutType" classname="sk.stuba.fei.uim.vsa.pr1c.tests.ParkingSpotTest" time="0.194"/>
  <testcase name="SPOT01_getAllParkingSlotsWithoutType" classname="sk.stuba.fei.uim.vsa.pr1c.tests.ParkingSpotTest" time="0.239"/>
</testsuite>
<testsuite xmlns:xsi="http://www.w3.org/2001/XMLSchema-instance" xsi:noNamespaceSchemaLocation="https://maven.apache.org/surefire/maven-surefire-plugin/xsd/surefire-test-report.xsd" name="sk.stuba.fei.uim.vsa.pr1c.tests.ReservationTest" time="3.983" tests="4" errors="1" skipped="0" failures="2">
  <properties>
[...]
</properties>
  <testcase name="RES03_shouldCreateAndGetReservations" classname="sk.stuba.fei.uim.vsa.pr1c.tests.ReservationTest" time="0.23">
    <failure message="expected: &lt;93&gt; but was: &lt;null&gt;" type="org.opentest4j.AssertionFailedError"><![CDATA[org.opentest4j.AssertionFailedError: expected: <93> but was: <null>
	at sk.stuba.fei.uim.vsa.pr1c.tests.ReservationTest.RES03_shouldCreateAndGetReservations(ReservationTest.java:197)
]]></failure>
    <system-out><![CDATA[car park class: sk.stuba.fei.uim.vsa.pr1c.CarParkService
[EL Fine]: sql: 2022-05-21 01:55:09.466--ServerSession(443942537)--Connection(632475595)--SELECT ID, ADDRESS, NAME, PRICEPERHOUR FROM CAR_PARK WHERE (NAME = ?)
	bind => [test8]
[EL Fine]: sql: 2022-05-21 01:55:09.468--ClientSession(977522995)--Connection(632475595)--INSERT INTO CAR_PARK (ID, ADDRESS, NAME, PRICEPERHOUR) VALUES (?, ?, ?, ?)
	bind => [88, testtest, test8, 12]
[EL Fine]: sql: 2022-05-21 01:55:09.473--ServerSession(443942537)--Connection(632475595)--SELECT FLOORIDENTIFIER FROM CAR_PARK_FLOOR WHERE car_park_id = 88 and FLOORIDENTIFIER = 'Floor3-1'
[EL Fine]: sql: 2022-05-21 01:55:09.477--ClientSession(1623287112)--Connection(632475595)--INSERT INTO CAR_PARK_FLOOR (ID, FLOORIDENTIFIER) VALUES (?, ?)
	bind => [89, Floor3-1]
[EL Fine]: sql: 2022-05-21 01:55:09.483--ClientSession(1623287112)--Connection(632475595)--UPDATE CAR_PARK_FLOOR SET car_park_id = ? WHERE (ID = ?)
	bind => [88, 89]
[EL Fine]: sql: 2022-05-21 01:55:09.488--ServerSession(443942537)--Connection(632475595)--SELECT PARKINGSPOTIDENTIFIER FROM PARKING_SPOT    JOIN CAR_PARK_FLOOR CPF on CPF.ID = PARKING_SPOT.floor_id WHERE car_park_id = 88 and FLOORIDENTIFIER = 'Floor3-1' and PARKINGSPOTIDENTIFIER = '1.01'
[EL Fine]: sql: 2022-05-21 01:55:09.49--ClientSession(687892306)--Connection(632475595)--INSERT INTO PARKING_SPOT (ID, PARKINGSPOTIDENTIFIER, CAR_ID) VALUES (?, ?, ?)
	bind => [90, 1.01, null]
[EL Fine]: sql: 2022-05-21 01:55:09.495--ServerSession(443942537)--Connection(632475595)--SELECT ID, FLOORIDENTIFIER FROM CAR_PARK_FLOOR WHERE (FLOORIDENTIFIER = ?)
	bind => [Floor3-1]
[EL Fine]: sql: 2022-05-21 01:55:09.497--ClientSession(687892306)--Connection(632475595)--UPDATE PARKING_SPOT SET floor_id = ? WHERE (ID = ?)
	bind => [89, 90]
[EL Fine]: sql: 2022-05-21 01:55:09.502--ServerSession(443942537)--Connection(632475595)--SELECT EMAIL FROM USER WHERE EMAIL = 'jozko.mrkvicka@example.com'
[EL Fine]: sql: 2022-05-21 01:55:09.504--ClientSession(1991094835)--Connection(632475595)--INSERT INTO USER (ID, EMAIL, FIRSTNAME, LASTNAME) VALUES (?, ?, ?, ?)
	bind => [91, jozko.mrkvicka@example.com, Jožko, Mrkvička]
[EL Fine]: sql: 2022-05-21 01:55:09.51--ServerSession(443942537)--Connection(632475595)--SELECT ID, BRAND, COLOR, LICENSEPLATE, MODEL, RESERVATION_ID FROM CAR WHERE (LICENSEPLATE = ?)
	bind => [BL798XX]
[EL Fine]: sql: 2022-05-21 01:55:09.512--ClientSession(1444494461)--Connection(632475595)--INSERT INTO CAR (ID, BRAND, COLOR, LICENSEPLATE, MODEL, RESERVATION_ID) VALUES (?, ?, ?, ?, ?, ?)
	bind => [92, Audi, black, BL798XX, A7, null]
[EL Fine]: sql: 2022-05-21 01:55:09.518--ClientSession(1444494461)--Connection(632475595)--UPDATE CAR SET user = ? WHERE (ID = ?)
	bind => [91, 92]
[EL Fine]: sql: 2022-05-21 01:55:09.524--ClientSession(1120670624)--Connection(632475595)--SELECT CP.PRICEPERHOUR FROM PARKING_SPOT JOIN CAR_PARK_FLOOR CPF on CPF.ID = PARKING_SPOT.floor_id JOIN CAR_PARK CP on CP.ID = CPF.car_park_id where PARKING_SPOT.id = 90
[EL Fine]: sql: 2022-05-21 01:55:09.526--ClientSession(1120670624)--Connection(632475595)--INSERT INTO RESERVATION (ID, BEGINTIME, ENDTIME, PRICE) VALUES (?, ?, ?, ?)
	bind => [93, 2022-05-21T01:55:09.524, null, 12]
[EL Fine]: sql: 2022-05-21 01:55:09.527--ClientSession(1120670624)--Connection(632475595)--UPDATE CAR SET RESERVATION_ID = ? WHERE (ID = ?)
	bind => [93, 92]
[EL Fine]: sql: 2022-05-21 01:55:09.528--ClientSession(1120670624)--Connection(632475595)--UPDATE PARKING_SPOT SET CAR_ID = ? WHERE (ID = ?)
	bind => [92, 90]
[EL Fine]: sql: 2022-05-21 01:55:09.533--ServerSession(443942537)--Connection(632475595)--SELECT * FROM RESERVATION JOIN CAR C on RESERVATION.ID = C.RESERVATION_ID JOIN PARKING_SPOT PS on C.ID = PS.CAR_ID WHERE PS.ID  = 90 and RESERVATION.BEGINTIME LIKE '2022-05-21%'
]]></system-out>
    <system-err><![CDATA[Sat May 21 01:55:09 CEST 2022 WARN: Establishing SSL connection without server's identity verification is not recommended. According to MySQL 5.5.45+, 5.6.26+ and 5.7.6+ requirements SSL connection must be established by default if explicit option isn't set. For compliance with existing applications not using SSL the verifyServerCertificate property is set to 'false'. You need either to explicitly disable SSL by setting useSSL=false, or set useSSL=true and provide truststore for server certificate verification.
]]></system-err>
  </testcase>
  <testcase name="RES04_shouldCreateAndGetReservationByUser" classname="sk.stuba.fei.uim.vsa.pr1c.tests.ReservationTest" time="0.227">
    <failure message="expected: not &lt;null&gt;" type="org.opentest4j.AssertionFailedError"><![CDATA[org.opentest4j.AssertionFailedError: expected: not <null>
	at sk.stuba.fei.uim.vsa.pr1c.tests.ReservationTest.RES04_shouldCreateAndGetReservationByUser(ReservationTest.java:223)
]]></failure>
    <system-out><![CDATA[[EL Fine]: sql: 2022-05-21 01:55:09.694--ServerSession(443942537)--Connection(632475595)--SELECT ID, ADDRESS, NAME, PRICEPERHOUR FROM CAR_PARK WHERE (NAME = ?)
	bind => [test8]
[EL Fine]: sql: 2022-05-21 01:55:09.697--ClientSession(648358364)--Connection(632475595)--INSERT INTO CAR_PARK (ID, ADDRESS, NAME, PRICEPERHOUR) VALUES (?, ?, ?, ?)
	bind => [94, testtest, test8, 12]
[EL Fine]: sql: 2022-05-21 01:55:09.704--ServerSession(443942537)--Connection(632475595)--SELECT FLOORIDENTIFIER FROM CAR_PARK_FLOOR WHERE car_park_id = 94 and FLOORIDENTIFIER = 'Floor3-1'
[EL Fine]: sql: 2022-05-21 01:55:09.705--ClientSession(2002097394)--Connection(632475595)--INSERT INTO CAR_PARK_FLOOR (ID, FLOORIDENTIFIER) VALUES (?, ?)
	bind => [95, Floor3-1]
[EL Fine]: sql: 2022-05-21 01:55:09.711--ClientSession(2002097394)--Connection(632475595)--UPDATE CAR_PARK_FLOOR SET car_park_id = ? WHERE (ID = ?)
	bind => [94, 95]
[EL Fine]: sql: 2022-05-21 01:55:09.716--ServerSession(443942537)--Connection(632475595)--SELECT PARKINGSPOTIDENTIFIER FROM PARKING_SPOT    JOIN CAR_PARK_FLOOR CPF on CPF.ID = PARKING_SPOT.floor_id WHERE car_park_id = 94 and FLOORIDENTIFIER = 'Floor3-1' and PARKINGSPOTIDENTIFIER = '1.01'
[EL Fine]: sql: 2022-05-21 01:55:09.718--ClientSession(195163481)--Connection(632475595)--INSERT INTO PARKING_SPOT (ID, PARKINGSPOTIDENTIFIER, CAR_ID) VALUES (?, ?, ?)
	bind => [96, 1.01, null]
[EL Fine]: sql: 2022-05-21 01:55:09.723--ServerSession(443942537)--Connection(632475595)--SELECT ID, FLOORIDENTIFIER FROM CAR_PARK_FLOOR WHERE (FLOORIDENTIFIER = ?)
	bind => [Floor3-1]
[EL Fine]: sql: 2022-05-21 01:55:09.725--ClientSession(195163481)--Connection(632475595)--UPDATE PARKING_SPOT SET floor_id = ? WHERE (ID = ?)
	bind => [95, 96]
[EL Fine]: sql: 2022-05-21 01:55:09.732--ServerSession(443942537)--Connection(632475595)--SELECT EMAIL FROM USER WHERE EMAIL = 'jozko.mrkvicka@example.com'
[EL Fine]: sql: 2022-05-21 01:55:09.734--ClientSession(1884422865)--Connection(632475595)--INSERT INTO USER (ID, EMAIL, FIRSTNAME, LASTNAME) VALUES (?, ?, ?, ?)
	bind => [97, jozko.mrkvicka@example.com, Jožko, Mrkvička]
[EL Fine]: sql: 2022-05-21 01:55:09.738--ServerSession(443942537)--Connection(632475595)--SELECT ID, BRAND, COLOR, LICENSEPLATE, MODEL, RESERVATION_ID FROM CAR WHERE (LICENSEPLATE = ?)
	bind => [BL798XX]
[EL Fine]: sql: 2022-05-21 01:55:09.74--ClientSession(1082795132)--Connection(632475595)--INSERT INTO CAR (ID, BRAND, COLOR, LICENSEPLATE, MODEL, RESERVATION_ID) VALUES (?, ?, ?, ?, ?, ?)
	bind => [98, Audi, black, BL798XX, A7, null]
[EL Fine]: sql: 2022-05-21 01:55:09.747--ClientSession(1082795132)--Connection(632475595)--UPDATE CAR SET user = ? WHERE (ID = ?)
	bind => [97, 98]
[EL Fine]: sql: 2022-05-21 01:55:09.753--ClientSession(1596009860)--Connection(632475595)--SELECT CP.PRICEPERHOUR FROM PARKING_SPOT JOIN CAR_PARK_FLOOR CPF on CPF.ID = PARKING_SPOT.floor_id JOIN CAR_PARK CP on CP.ID = CPF.car_park_id where PARKING_SPOT.id = 96
[EL Fine]: sql: 2022-05-21 01:55:09.755--ClientSession(1596009860)--Connection(632475595)--INSERT INTO RESERVATION (ID, BEGINTIME, ENDTIME, PRICE) VALUES (?, ?, ?, ?)
	bind => [99, 2022-05-21T01:55:09.752, null, 12]
[EL Fine]: sql: 2022-05-21 01:55:09.757--ClientSession(1596009860)--Connection(632475595)--UPDATE CAR SET RESERVATION_ID = ? WHERE (ID = ?)
	bind => [99, 98]
[EL Fine]: sql: 2022-05-21 01:55:09.758--ClientSession(1596009860)--Connection(632475595)--UPDATE PARKING_SPOT SET CAR_ID = ? WHERE (ID = ?)
	bind => [98, 96]
]]></system-out>
  </testcase>
  <testcase name="RES02_shouldCreateAndEndReservation" classname="sk.stuba.fei.uim.vsa.pr1c.tests.ReservationTest" time="3.261">
    <error message="Cannot test reservation for price. Field not found!" type="java.lang.RuntimeException">java.lang.RuntimeException: Cannot test reservation for price. Field not found!
	at sk.stuba.fei.uim.vsa.pr1c.tests.ReservationTest.RES02_shouldCreateAndEndReservation(ReservationTest.java:167)
</error>
    <system-out><![CDATA[[EL Fine]: sql: 2022-05-21 01:55:09.929--ServerSession(443942537)--Connection(632475595)--SELECT ID, ADDRESS, NAME, PRICEPERHOUR FROM CAR_PARK WHERE (NAME = ?)
	bind => [test8]
[EL Fine]: sql: 2022-05-21 01:55:09.931--ClientSession(943666520)--Connection(632475595)--INSERT INTO CAR_PARK (ID, ADDRESS, NAME, PRICEPERHOUR) VALUES (?, ?, ?, ?)
	bind => [100, testtest, test8, 12]
[EL Fine]: sql: 2022-05-21 01:55:09.936--ServerSession(443942537)--Connection(632475595)--SELECT FLOORIDENTIFIER FROM CAR_PARK_FLOOR WHERE car_park_id = 100 and FLOORIDENTIFIER = 'Floor3-1'
[EL Fine]: sql: 2022-05-21 01:55:09.938--ClientSession(606365803)--Connection(632475595)--UPDATE SEQUENCE SET SEQ_COUNT = SEQ_COUNT + ? WHERE SEQ_NAME = ?
	bind => [50, SEQ_GEN]
[EL Fine]: sql: 2022-05-21 01:55:09.938--ClientSession(606365803)--Connection(632475595)--SELECT SEQ_COUNT FROM SEQUENCE WHERE SEQ_NAME = ?
	bind => [SEQ_GEN]
[EL Fine]: sql: 2022-05-21 01:55:09.944--ClientSession(606365803)--Connection(632475595)--INSERT INTO CAR_PARK_FLOOR (ID, FLOORIDENTIFIER) VALUES (?, ?)
	bind => [101, Floor3-1]
[EL Fine]: sql: 2022-05-21 01:55:09.951--ClientSession(606365803)--Connection(632475595)--UPDATE CAR_PARK_FLOOR SET car_park_id = ? WHERE (ID = ?)
	bind => [100, 101]
[EL Fine]: sql: 2022-05-21 01:55:09.956--ServerSession(443942537)--Connection(632475595)--SELECT PARKINGSPOTIDENTIFIER FROM PARKING_SPOT    JOIN CAR_PARK_FLOOR CPF on CPF.ID = PARKING_SPOT.floor_id WHERE car_park_id = 100 and FLOORIDENTIFIER = 'Floor3-1' and PARKINGSPOTIDENTIFIER = '1.01'
[EL Fine]: sql: 2022-05-21 01:55:09.958--ClientSession(15910024)--Connection(632475595)--INSERT INTO PARKING_SPOT (ID, PARKINGSPOTIDENTIFIER, CAR_ID) VALUES (?, ?, ?)
	bind => [102, 1.01, null]
[EL Fine]: sql: 2022-05-21 01:55:09.963--ServerSession(443942537)--Connection(632475595)--SELECT ID, FLOORIDENTIFIER FROM CAR_PARK_FLOOR WHERE (FLOORIDENTIFIER = ?)
	bind => [Floor3-1]
[EL Fine]: sql: 2022-05-21 01:55:09.965--ClientSession(15910024)--Connection(632475595)--UPDATE PARKING_SPOT SET floor_id = ? WHERE (ID = ?)
	bind => [101, 102]
[EL Fine]: sql: 2022-05-21 01:55:09.969--ServerSession(443942537)--Connection(632475595)--SELECT EMAIL FROM USER WHERE EMAIL = 'jozko.mrkvicka@example.com'
[EL Fine]: sql: 2022-05-21 01:55:09.971--ClientSession(665565246)--Connection(632475595)--INSERT INTO USER (ID, EMAIL, FIRSTNAME, LASTNAME) VALUES (?, ?, ?, ?)
	bind => [103, jozko.mrkvicka@example.com, Jožko, Mrkvička]
[EL Fine]: sql: 2022-05-21 01:55:09.977--ServerSession(443942537)--Connection(632475595)--SELECT ID, BRAND, COLOR, LICENSEPLATE, MODEL, RESERVATION_ID FROM CAR WHERE (LICENSEPLATE = ?)
	bind => [BL798XX]
[EL Fine]: sql: 2022-05-21 01:55:09.981--ClientSession(1129387802)--Connection(632475595)--INSERT INTO CAR (ID, BRAND, COLOR, LICENSEPLATE, MODEL, RESERVATION_ID) VALUES (?, ?, ?, ?, ?, ?)
	bind => [104, Audi, black, BL798XX, A7, null]
[EL Fine]: sql: 2022-05-21 01:55:09.986--ClientSession(1129387802)--Connection(632475595)--UPDATE CAR SET user = ? WHERE (ID = ?)
	bind => [103, 104]
[EL Fine]: sql: 2022-05-21 01:55:09.992--ClientSession(688988404)--Connection(632475595)--SELECT CP.PRICEPERHOUR FROM PARKING_SPOT JOIN CAR_PARK_FLOOR CPF on CPF.ID = PARKING_SPOT.floor_id JOIN CAR_PARK CP on CP.ID = CPF.car_park_id where PARKING_SPOT.id = 102
[EL Fine]: sql: 2022-05-21 01:55:09.993--ClientSession(688988404)--Connection(632475595)--INSERT INTO RESERVATION (ID, BEGINTIME, ENDTIME, PRICE) VALUES (?, ?, ?, ?)
	bind => [105, 2022-05-21T01:55:09.991, null, 12]
[EL Fine]: sql: 2022-05-21 01:55:09.994--ClientSession(688988404)--Connection(632475595)--UPDATE CAR SET RESERVATION_ID = ? WHERE (ID = ?)
	bind => [105, 104]
[EL Fine]: sql: 2022-05-21 01:55:09.995--ClientSession(688988404)--Connection(632475595)--UPDATE PARKING_SPOT SET CAR_ID = ? WHERE (ID = ?)
	bind => [104, 102]
[TEST LOG] 2022-05-21 : Waiting for simulating parking clock
[EL Fine]: sql: 2022-05-21 01:55:13.017--ClientSession(435175610)--Connection(632475595)--UPDATE RESERVATION SET ENDTIME = ? WHERE (ID = ?)
	bind => [2022-05-21T01:55:13.015, 105]
[EL Fine]: sql: 2022-05-21 01:55:13.018--ClientSession(435175610)--Connection(632475595)--SELECT ID, BRAND, COLOR, LICENSEPLATE, MODEL, RESERVATION_ID FROM CAR WHERE (RESERVATION_ID = ?)
	bind => [105]
[EL Fine]: sql: 2022-05-21 01:55:13.019--ClientSession(435175610)--Connection(632475595)--SELECT ID, PARKINGSPOTIDENTIFIER, CAR_ID FROM PARKING_SPOT WHERE (CAR_ID = ?)
	bind => [104]
[EL Fine]: sql: 2022-05-21 01:55:13.021--ClientSession(435175610)--Connection(632475595)--UPDATE CAR SET RESERVATION_ID = ? WHERE (ID = ?)
	bind => [null, 104]
[EL Fine]: sql: 2022-05-21 01:55:13.022--ClientSession(435175610)--Connection(632475595)--UPDATE PARKING_SPOT SET CAR_ID = ? WHERE (ID = ?)
	bind => [null, 102]
[EL Fine]: sql: 2022-05-21 01:55:13.023--ClientSession(435175610)--Connection(632475595)--DELETE FROM CAR WHERE (ID = ?)
	bind => [104]
]]></system-out>
  </testcase>
  <testcase name="RES01_shouldCreateReservation" classname="sk.stuba.fei.uim.vsa.pr1c.tests.ReservationTest" time="0.203"/>
</testsuite>
<testsuite xmlns:xsi="http://www.w3.org/2001/XMLSchema-instance" xsi:noNamespaceSchemaLocation="https://maven.apache.org/surefire/maven-surefire-plugin/xsd/surefire-test-report.xsd" name="sk.stuba.fei.uim.vsa.pr1c.tests.UserTest" time="0.798" tests="5" errors="0" skipped="0" failures="0">
  <properties>
[...]
</properties>
  <testcase name="USER03_shouldCreateGetUserByEmail" classname="sk.stuba.fei.uim.vsa.pr1c.tests.UserTest" time="0.148"/>
  <testcase name="USER02_shouldCreateAndGetUserById" classname="sk.stuba.fei.uim.vsa.pr1c.tests.UserTest" time="0.149"/>
  <testcase name="USER01_shouldCreateUser" classname="sk.stuba.fei.uim.vsa.pr1c.tests.UserTest" time="0.152"/>
  <testcase name="USER06_shouldCreateAndDeleteUser" classname="sk.stuba.fei.uim.vsa.pr1c.tests.UserTest" time="0.162"/>
  <testcase name="USER04_shouldCreateAndGetAllUsers" classname="sk.stuba.fei.uim.vsa.pr1c.tests.UserTest" time="0.151"/>
</testsuite>